[01Sep2024 12:08:20.384] [main/INFO] [cpw.mods.modlauncher.Launcher/MODLAUNCHER]: ModLauncher running: args [--launchTarget, forgeclientuserdev, --version, 21.0.167, --assetIndex, asset-index, --assetsDir, C:\Users\subli\.gradle\caches\minecraft\assets\1.21, --gameDir, ., --fml.neoForgeVersion, 21.0.167, --fml.fmlVersion, 4.0.23, --fml.mcVersion, 1.21, --fml.neoFormVersion, 20240613.152323]
[01Sep2024 12:08:20.386] [main/INFO] [cpw.mods.modlauncher.Launcher/MODLAUNCHER]: JVM identified as Eclipse Adoptium OpenJDK 64-Bit Server VM 21.0.3+9-LTS
[01Sep2024 12:08:20.388] [main/INFO] [cpw.mods.modlauncher.Launcher/MODLAUNCHER]: ModLauncher 11.0.4+main.d2e20e43 starting: java version 21.0.3 by Eclipse Adoptium; OS Windows 11 arch amd64 version 10.0
[01Sep2024 12:08:20.542] [main/INFO] [net.neoforged.fml.loading.ImmediateWindowHandler/]: Loading ImmediateWindowProvider fmlearlywindow
[01Sep2024 12:08:20.669] [main/INFO] [EARLYDISPLAY/]: Trying GL version 4.6
[01Sep2024 12:08:20.938] [main/INFO] [EARLYDISPLAY/]: Requested GL version 4.6 got version 4.6
[01Sep2024 12:08:21.052] [main/INFO] [mixin/]: SpongePowered MIXIN Subsystem Version=0.8.6 Source=union:/C:/Users/subli/.gradle/caches/modules-2/files-2.1/net.fabricmc/sponge-mixin/0.14.0+mixin.0.8.6/c265173c84346e9e5d42a2384b2b02bd39a4a899/sponge-mixin-0.14.0+mixin.0.8.6.jar%23135!/ Service=ModLauncher Env=CLIENT
[01Sep2024 12:08:21.452] [pool-2-thread-1/INFO] [EARLYDISPLAY/]: GL info: NVIDIA GeForce RTX 3050 Laptop GPU/PCIe/SSE2 GL version 4.6.0 NVIDIA 555.99, NVIDIA Corporation
[01Sep2024 12:08:21.455] [main/INFO] [net.neoforged.fml.loading.moddiscovery.ModDiscoverer/SCAN]: Found mod file "neoforge-21.0.167.jar" [locator: neoforge devenv provider ([C:\Users\subli\Desktop\EntityJs\.gradle\repositories\ng_dummy_ng\net\neoforged\neoforge\21.0.167\neoforge-21.0.167.jar])]
[01Sep2024 12:08:21.480] [main/INFO] [net.neoforged.fml.loading.moddiscovery.ModDiscoverer/SCAN]: Found mod file "neoforge-21.0.167.jar" [locator: neoforge devenv provider ([C:\Users\subli\Desktop\EntityJs\.gradle\repositories\ng_dummy_ng\net\neoforged\neoforge\21.0.167\neoforge-21.0.167.jar])]
[01Sep2024 12:08:21.498] [main/INFO] [net.neoforged.fml.loading.moddiscovery.ModDiscoverer/SCAN]: Found mod file "main" [locator: userdev mods and services, reader: mod manifest]
[01Sep2024 12:08:21.515] [main/INFO] [net.neoforged.fml.loading.moddiscovery.ModDiscoverer/SCAN]: Found mod file "neoforge-21.0.167.jar" [locator: userdev mods and services, reader: mod manifest]
[01Sep2024 12:08:21.521] [main/INFO] [net.neoforged.fml.loading.moddiscovery.ModDiscoverer/SCAN]: Found mod file "probejs-585406-5536459.jar" [locator: userdev mods and services, reader: mod manifest]
[01Sep2024 12:08:21.528] [main/INFO] [net.neoforged.fml.loading.moddiscovery.ModDiscoverer/SCAN]: Found mod file "kubejs-neoforge-2100.7.0-build.121.jar" [locator: userdev mods and services, reader: mod manifest]
[01Sep2024 12:08:21.533] [main/INFO] [net.neoforged.fml.loading.moddiscovery.ModDiscoverer/SCAN]: Found mod file "rhino-2100.2.5-build.46.jar" [locator: userdev mods and services, reader: mod manifest]
[01Sep2024 12:08:21.539] [main/INFO] [net.neoforged.fml.loading.moddiscovery.ModDiscoverer/SCAN]: Found mod file "geckolib-neoforge-1.21-4.5.7.jar" [locator: userdev mods and services, reader: mod manifest]
[01Sep2024 12:08:21.566] [main/INFO] [net.neoforged.fml.loading.moddiscovery.ModDiscoverer/SCAN]: Found gamelibrary file "mixinextras-neoforge-0.3.5.jar" [locator: userdev mods and services, reader: mod manifest]
[01Sep2024 12:08:22.002] [main/WARN] [net.neoforged.jarjar.selection.JarSelector/]: Attempted to select a dependency jar for JarJar which was passed in as source: mixinextras-neoforge-0.3.5.jar. Using Mod File: C:\Users\subli\.gradle\caches\modules-2\files-2.1\io.github.llamalad7\mixinextras-neoforge\0.3.5\ef3ffcf309dae656517b2f120189b1c9b21737dd\mixinextras-neoforge-0.3.5.jar
[01Sep2024 12:08:22.002] [main/INFO] [net.neoforged.fml.loading.moddiscovery.locators.JarInJarDependencyLocator/]: Found 4 dependencies adding them to mods collection
[01Sep2024 12:08:22.003] [main/INFO] [net.neoforged.fml.loading.moddiscovery.ModDiscoverer/SCAN]: Found library file "vineflower-1.10.1.jar" [parent: probejs-585406-5536459.jar, locator: jarinjar]
[01Sep2024 12:08:22.003] [main/INFO] [net.neoforged.fml.loading.moddiscovery.ModDiscoverer/SCAN]: Found library file "javaparser-symbol-solver-core-3.25.8.jar" [parent: probejs-585406-5536459.jar, locator: jarinjar]
[01Sep2024 12:08:22.003] [main/INFO] [net.neoforged.fml.loading.moddiscovery.ModDiscoverer/SCAN]: Found library file "Java-WebSocket-1.5.6.jar" [parent: probejs-585406-5536459.jar, locator: jarinjar]
[01Sep2024 12:08:22.004] [main/INFO] [net.neoforged.fml.loading.moddiscovery.ModDiscoverer/SCAN]: Found library file "javaparser-core-3.25.8.jar" [parent: probejs-585406-5536459.jar, locator: jarinjar]
[01Sep2024 12:08:22.324] [main/INFO] [net.neoforged.fml.loading.FMLServiceProvider/CORE]: Loading coremod script-engine for [neoforge]
[01Sep2024 12:08:23.319] [main/INFO] [mixin/]: Compatibility level set to JAVA_21
[01Sep2024 12:08:23.333] [main/INFO] [cpw.mods.modlauncher.LaunchServiceHandler/MODLAUNCHER]: Launching target 'forgeclientuserdev' with arguments [--version, 21.0.167, --gameDir, ., --assetsDir, C:\Users\subli\.gradle\caches\minecraft\assets\1.21, --assetIndex, asset-index]
[01Sep2024 12:08:23.382] [main/WARN] [mixin/]: Reference map 'geckolib.refmap.json' for geckolib.mixins.json could not be read. If this is a development environment you can ignore this message
[01Sep2024 12:08:24.206] [main/WARN] [mixin/]: Error loading class: mezz/modnametooltip/TooltipEventHandler (java.lang.ClassNotFoundException: mezz.modnametooltip.TooltipEventHandler)
[01Sep2024 12:08:24.211] [main/WARN] [mixin/]: Error loading class: me/shedaniel/rei/impl/client/ClientHelperImpl (java.lang.ClassNotFoundException: me.shedaniel.rei.impl.client.ClientHelperImpl)
[01Sep2024 12:08:24.384] [main/INFO] [MixinExtras|Service/]: Initializing MixinExtras via com.llamalad7.mixinextras.service.MixinExtrasServiceImpl(version=0.3.5).
[01Sep2024 12:08:26.275] [Datafixer Bootstrap/INFO] [com.mojang.datafixers.DataFixerBuilder/]: 229 Datafixer optimizations took 488 milliseconds
[01Sep2024 12:08:33.036] [main/WARN] [net.minecraft.commands.Commands/]: Ambiguity between arguments [teleport, location] and [teleport, destination] with inputs: [0.1 -0.5 .9, 0 0 0]
[01Sep2024 12:08:33.045] [main/WARN] [net.minecraft.commands.Commands/]: Ambiguity between arguments [teleport, location] and [teleport, targets] with inputs: [0.1 -0.5 .9, 0 0 0]
[01Sep2024 12:08:33.045] [main/WARN] [net.minecraft.commands.Commands/]: Ambiguity between arguments [teleport, destination] and [teleport, targets] with inputs: [Player, 0123, @e, dd12be42-52a9-4a91-a8a1-11c01849e498]
[01Sep2024 12:08:33.055] [main/WARN] [net.minecraft.commands.Commands/]: Ambiguity between arguments [teleport, targets] and [teleport, destination] with inputs: [Player, 0123, dd12be42-52a9-4a91-a8a1-11c01849e498]
[01Sep2024 12:08:33.055] [main/WARN] [net.minecraft.commands.Commands/]: Ambiguity between arguments [teleport, targets, location] and [teleport, targets, destination] with inputs: [0.1 -0.5 .9, 0 0 0]
[01Sep2024 12:08:33.224] [Render thread/WARN] [net.minecraft.server.packs.VanillaPackResourcesBuilder/]: Assets URL 'union:/C:/Users/subli/Desktop/EntityJs/.gradle/repositories/ng_dummy_ng/net/neoforged/neoforge/21.0.167/neoforge-21.0.167.jar%23189!/assets/.mcassetsroot' uses unexpected schema
[01Sep2024 12:08:33.224] [Render thread/WARN] [net.minecraft.server.packs.VanillaPackResourcesBuilder/]: Assets URL 'union:/C:/Users/subli/Desktop/EntityJs/.gradle/repositories/ng_dummy_ng/net/neoforged/neoforge/21.0.167/neoforge-21.0.167.jar%23189!/data/.mcassetsroot' uses unexpected schema
[01Sep2024 12:08:33.294] [Render thread/INFO] [com.mojang.authlib.yggdrasil.YggdrasilAuthenticationService/]: Environment: Environment[sessionHost=https://sessionserver.mojang.com, servicesHost=https://api.minecraftservices.com, name=PROD]
[01Sep2024 12:08:33.315] [Render thread/INFO] [net.minecraft.client.Minecraft/]: Setting user: Dev
[01Sep2024 12:08:33.726] [Render thread/INFO] [net.minecraft.client.Minecraft/]: Backend library: LWJGL version 3.3.3+5
[01Sep2024 12:08:34.083] [modloading-worker-0/INFO] [net.liopyu.entityjs.EntityJSMod/]: Loading EntityJS-Liopyu
[01Sep2024 12:08:34.114] [modloading-worker-0/INFO] [net.neoforged.neoforge.common.NeoForgeMod/NEOFORGE-MOD]: NeoForge mod loading, version 21.0.167, for MC 1.21
[01Sep2024 12:08:34.127] [modloading-worker-0/INFO] [KubeJS Startup/]: Capturing errors for startup scripts enabled
[01Sep2024 12:08:34.128] [modloading-worker-0/INFO] [KubeJS Client/]: Capturing errors for client scripts enabled
[01Sep2024 12:08:34.128] [modloading-worker-0/INFO] [KubeJS/]: Loading vanilla registries...
[01Sep2024 12:08:34.148] [modloading-worker-0/INFO] [KubeJS/]: Looking for KubeJS plugins...
[01Sep2024 12:08:34.152] [modloading-worker-0/INFO] [KubeJS/]: Found plugin source kubejs
[01Sep2024 12:08:34.160] [modloading-worker-0/WARN] [KubeJS/]: Plugin dev.latvian.mods.kubejs.integration.architectury.ArchitecturyIntegration does not have required mod 'architectury' loaded, skipping
[01Sep2024 12:08:34.161] [modloading-worker-0/WARN] [KubeJS/]: Plugin dev.latvian.mods.kubejs.integration.gamestages.GameStagesIntegration does not have required mod 'gamestages' loaded, skipping
[01Sep2024 12:08:34.161] [modloading-worker-0/INFO] [KubeJS/]: Found plugin source probejs
[01Sep2024 12:08:34.162] [modloading-worker-0/INFO] [KubeJS/]: Found plugin source entityjs
[01Sep2024 12:08:34.166] [modloading-worker-0/INFO] [KubeJS/]: Done in 15.77 ms
[01Sep2024 12:08:34.672] [modloading-worker-0/INFO] [KubeJS Startup/]: Loaded script startup_scripts:example.js in 0.033 s
[01Sep2024 12:08:34.674] [modloading-worker-0/INFO] [KubeJS Startup/]: Loaded 1/1 KubeJS startup scripts in 0.426 s with 0 errors and 0 warnings
[01Sep2024 12:08:34.696] [modloading-worker-0/INFO] [KubeJS Client/]: Loaded script client_scripts:example.js in 0.0 s
[01Sep2024 12:08:34.696] [modloading-worker-0/INFO] [KubeJS Client/]: Loaded 1/1 KubeJS client scripts in 0.019 s with 0 errors and 0 warnings
[01Sep2024 12:08:35.367] [Render thread/INFO] [net.neoforged.neoforge.gametest.GameTestHooks/]: Enabled Gametest Namespaces: []
[01Sep2024 12:08:35.495] [Render thread/INFO] [KubeJS/]: Loaded 13 asset packs: vanilla, KubeJS Virtual Resource Pack [Before Mods, assets], mod_resources, mod/rhino, mod/kubejs, mod/probejs, mod/entityjs, mod/geckolib, KubeJS Virtual Resource Pack [Internal, assets], KubeJS Virtual Resource Pack [After Mods, assets], KubeJS File Resource Pack [assets], mod/neoforge, KubeJS Virtual Resource Pack [Last, assets]
[01Sep2024 12:08:35.496] [Render thread/INFO] [net.minecraft.server.packs.resources.ReloadableResourceManager/]: Reloading ResourceManager: vanilla, KubeJS Virtual Resource Pack [Before Mods, assets], mod_resources, mod/rhino, mod/kubejs, mod/probejs, mod/entityjs, mod/geckolib, KubeJS Virtual Resource Pack [Internal, assets], KubeJS Virtual Resource Pack [After Mods, assets], KubeJS File Resource Pack [assets], mod/neoforge, KubeJS Virtual Resource Pack [Last, assets]
[01Sep2024 12:08:35.610] [Worker-Main-6/ERROR] [GeckoLib/]: Unable to parse animation: move
	-> Failed to parse expression '3.0 * (variable.slime_squish_factor < 0.0 ? 0.0 : variable.slime_squish_factor) * 1.7'
		-> Unknown operator symbol '?'
[01Sep2024 12:08:35.619] [Render thread/INFO] [KubeJS Client/]: Client resource reload complete!
[01Sep2024 12:08:35.676] [Worker-Main-7/INFO] [net.minecraft.client.gui.font.providers.UnihexProvider/]: Found unifont_all_no_pua-15.1.05.hex, loading
[01Sep2024 12:08:35.830] [Worker-Main-1/INFO] [net.minecraft.client.gui.font.providers.UnihexProvider/]: Found unifont_jp_patch-15.1.05.hex, loading
[01Sep2024 12:08:35.914] [Render thread/INFO] [KubeJS/]: Started the local web server at http://localhost:61423
[01Sep2024 12:08:37.582] [Render thread/INFO] [KubeJS Startup/]: Capturing errors for startup scripts disabled
[01Sep2024 12:08:37.583] [Render thread/INFO] [KubeJS Client/]: Capturing errors for client scripts disabled
[01Sep2024 12:08:37.772] [Render thread/WARN] [net.minecraft.client.sounds.SoundEngine/]: Missing sound for event: minecraft:item.goat_horn.play
[01Sep2024 12:08:37.773] [Render thread/WARN] [net.minecraft.client.sounds.SoundEngine/]: Missing sound for event: minecraft:entity.goat.screaming.horn_break
[01Sep2024 12:08:37.937] [Render thread/INFO] [com.mojang.blaze3d.audio.Library/]: OpenAL initialized on device OpenAL Soft on Headphones (Realtek(R) Audio)
[01Sep2024 12:08:37.938] [Render thread/INFO] [net.minecraft.client.sounds.SoundEngine/SOUNDS]: Sound engine started
[01Sep2024 12:08:38.084] [Render thread/INFO] [net.minecraft.client.renderer.texture.TextureAtlas/]: Created: 1024x512x4 minecraft:textures/atlas/blocks.png-atlas
[01Sep2024 12:08:38.097] [Render thread/INFO] [net.minecraft.client.renderer.texture.TextureAtlas/]: Created: 256x256x4 minecraft:textures/atlas/signs.png-atlas
[01Sep2024 12:08:38.097] [Render thread/INFO] [net.minecraft.client.renderer.texture.TextureAtlas/]: Created: 512x512x4 minecraft:textures/atlas/banner_patterns.png-atlas
[01Sep2024 12:08:38.098] [Render thread/INFO] [net.minecraft.client.renderer.texture.TextureAtlas/]: Created: 512x512x4 minecraft:textures/atlas/shield_patterns.png-atlas
[01Sep2024 12:08:38.098] [Render thread/INFO] [net.minecraft.client.renderer.texture.TextureAtlas/]: Created: 1024x1024x4 minecraft:textures/atlas/armor_trims.png-atlas
[01Sep2024 12:08:38.102] [Render thread/INFO] [net.minecraft.client.renderer.texture.TextureAtlas/]: Created: 256x256x4 minecraft:textures/atlas/chest.png-atlas
[01Sep2024 12:08:38.102] [Render thread/INFO] [net.minecraft.client.renderer.texture.TextureAtlas/]: Created: 128x64x4 minecraft:textures/atlas/decorated_pot.png-atlas
[01Sep2024 12:08:38.103] [Render thread/INFO] [net.minecraft.client.renderer.texture.TextureAtlas/]: Created: 512x256x4 minecraft:textures/atlas/beds.png-atlas
[01Sep2024 12:08:38.103] [Render thread/INFO] [net.minecraft.client.renderer.texture.TextureAtlas/]: Created: 512x256x4 minecraft:textures/atlas/shulker_boxes.png-atlas
[01Sep2024 12:08:38.436] [Render thread/INFO] [net.minecraft.client.renderer.texture.TextureAtlas/]: Created: 512x256x0 minecraft:textures/atlas/particles.png-atlas
[01Sep2024 12:08:38.440] [Render thread/INFO] [net.minecraft.client.renderer.texture.TextureAtlas/]: Created: 512x256x0 minecraft:textures/atlas/paintings.png-atlas
[01Sep2024 12:08:38.440] [Render thread/INFO] [net.minecraft.client.renderer.texture.TextureAtlas/]: Created: 256x128x0 minecraft:textures/atlas/mob_effects.png-atlas
[01Sep2024 12:08:38.441] [Render thread/INFO] [net.minecraft.client.renderer.texture.TextureAtlas/]: Created: 64x64x0 minecraft:textures/atlas/map_decorations.png-atlas
[01Sep2024 12:08:38.441] [Render thread/INFO] [net.minecraft.client.renderer.texture.TextureAtlas/]: Created: 1024x512x0 minecraft:textures/atlas/gui.png-atlas
[01Sep2024 12:08:38.472] [Render thread/WARN] [net.minecraft.client.renderer.ShaderInstance/]: Shader rendertype_entity_translucent_emissive could not find sampler named Sampler2 in the specified shader program.
[01Sep2024 12:08:48.620] [Render thread/WARN] [mixin/]: Mixin apply for mod entityjs failed entityjs.mixins.json:ServerScriptManagerMixin from mod entityjs -> dev.latvian.mods.kubejs.server.ServerScriptManager: org.spongepowered.asm.mixin.injection.throwables.InvalidInjectionException @WrapOperation annotation is trying to target an <init> call in dev/latvian/mods/kubejs/server/ServerScriptManager::createPackResources(Ljava/util/List;)Ljava/util/List; in dev/latvian/mods/kubejs/server/ServerScriptManager::entityjs$capturePacks! If this is an instantiation, target the NEW instead.
org.spongepowered.asm.mixin.injection.throwables.InvalidInjectionException: @WrapOperation annotation is trying to target an <init> call in dev/latvian/mods/kubejs/server/ServerScriptManager::createPackResources(Ljava/util/List;)Ljava/util/List; in dev/latvian/mods/kubejs/server/ServerScriptManager::entityjs$capturePacks! If this is an instantiation, target the NEW instead.
	at TRANSFORMER/mixinextras.neoforge@0.3.5/com.llamalad7.mixinextras.versions.MixinVersionImpl_v0_8_4.makeInvalidInjectionException(MixinVersionImpl_v0_8_4.java:14) ~[mixinextras-neoforge-0.3.5.jar:?]
	at TRANSFORMER/mixinextras.neoforge@0.3.5/com.llamalad7.mixinextras.utils.CompatibilityHelper.makeInvalidInjectionException(CompatibilityHelper.java:17) ~[mixinextras-neoforge-0.3.5.jar:?]
	at TRANSFORMER/mixinextras.neoforge@0.3.5/com.llamalad7.mixinextras.injector.wrapoperation.WrapOperationInjector.checkNode(WrapOperationInjector.java:56) ~[mixinextras-neoforge-0.3.5.jar:?]
	at TRANSFORMER/mixinextras.neoforge@0.3.5/com.llamalad7.mixinextras.injector.wrapoperation.WrapOperationInjector.inject(WrapOperationInjector.java:46) ~[mixinextras-neoforge-0.3.5.jar:?]
	at MC-BOOTSTRAP/org.spongepowered.mixin/org.spongepowered.asm.mixin.injection.code.Injector.inject(Injector.java:284) ~[sponge-mixin-0.14.0+mixin.0.8.6.jar:0.14.0+mixin.0.8.6]
	at MC-BOOTSTRAP/org.spongepowered.mixin/org.spongepowered.asm.mixin.injection.struct.InjectionInfo.inject(InjectionInfo.java:436) ~[sponge-mixin-0.14.0+mixin.0.8.6.jar:0.14.0+mixin.0.8.6]
	at TRANSFORMER/mixinextras.neoforge@0.3.5/com.llamalad7.mixinextras.injector.MixinExtrasLateInjectionInfo.lateInject(MixinExtrasLateInjectionInfo.java:52) ~[mixinextras-neoforge-0.3.5.jar:?]
	at TRANSFORMER/mixinextras.neoforge@0.3.5/com.llamalad7.mixinextras.injector.LateInjectionApplicatorExtension.postApply(LateInjectionApplicatorExtension.java:40) ~[mixinextras-neoforge-0.3.5.jar:?]
	at MC-BOOTSTRAP/org.spongepowered.mixin/org.spongepowered.asm.mixin.transformer.ext.Extensions.postApply(Extensions.java:167) ~[sponge-mixin-0.14.0+mixin.0.8.6.jar:0.14.0+mixin.0.8.6]
	at MC-BOOTSTRAP/org.spongepowered.mixin/org.spongepowered.asm.mixin.transformer.TargetClassContext.postApply(TargetClassContext.java:448) ~[sponge-mixin-0.14.0+mixin.0.8.6.jar:0.14.0+mixin.0.8.6]
	at MC-BOOTSTRAP/org.spongepowered.mixin/org.spongepowered.asm.mixin.transformer.TargetClassContext.applyMixins(TargetClassContext.java:420) ~[sponge-mixin-0.14.0+mixin.0.8.6.jar:0.14.0+mixin.0.8.6]
	at MC-BOOTSTRAP/org.spongepowered.mixin/org.spongepowered.asm.mixin.transformer.MixinProcessor.applyMixins(MixinProcessor.java:363) ~[sponge-mixin-0.14.0+mixin.0.8.6.jar:0.14.0+mixin.0.8.6]
	at MC-BOOTSTRAP/org.spongepowered.mixin/org.spongepowered.asm.mixin.transformer.MixinTransformer.transformClass(MixinTransformer.java:250) ~[sponge-mixin-0.14.0+mixin.0.8.6.jar:0.14.0+mixin.0.8.6]
	at MC-BOOTSTRAP/org.spongepowered.mixin/org.spongepowered.asm.service.modlauncher.MixinTransformationHandler.processClass(MixinTransformationHandler.java:131) ~[sponge-mixin-0.14.0+mixin.0.8.6.jar:0.14.0+mixin.0.8.6]
	at MC-BOOTSTRAP/org.spongepowered.mixin/org.spongepowered.asm.launch.MixinLaunchPluginLegacy.processClass(MixinLaunchPluginLegacy.java:131) ~[sponge-mixin-0.14.0+mixin.0.8.6.jar:0.14.0+mixin.0.8.6]
	at MC-BOOTSTRAP/cpw.mods.modlauncher@11.0.4/cpw.mods.modlauncher.serviceapi.ILaunchPluginService.processClassWithFlags(ILaunchPluginService.java:156) ~[modlauncher-11.0.4.jar:11.0.4+main.d2e20e43]
	at MC-BOOTSTRAP/cpw.mods.modlauncher@11.0.4/cpw.mods.modlauncher.LaunchPluginHandler.offerClassNodeToPlugins(LaunchPluginHandler.java:94) ~[modlauncher-11.0.4.jar:?]
	at MC-BOOTSTRAP/cpw.mods.modlauncher@11.0.4/cpw.mods.modlauncher.ClassTransformer.transform(ClassTransformer.java:120) ~[modlauncher-11.0.4.jar:?]
	at MC-BOOTSTRAP/cpw.mods.modlauncher@11.0.4/cpw.mods.modlauncher.TransformingClassLoader.maybeTransformClassBytes(TransformingClassLoader.java:57) ~[modlauncher-11.0.4.jar:?]
	at cpw.mods.securejarhandler/cpw.mods.cl.ModuleClassLoader.readerToClass(ModuleClassLoader.java:190) ~[securejarhandler-3.0.8.jar:?]
	at cpw.mods.securejarhandler/cpw.mods.cl.ModuleClassLoader.lambda$findClass$20(ModuleClassLoader.java:298) ~[securejarhandler-3.0.8.jar:?]
	at cpw.mods.securejarhandler/cpw.mods.cl.ModuleClassLoader.loadFromModule(ModuleClassLoader.java:311) ~[securejarhandler-3.0.8.jar:?]
	at cpw.mods.securejarhandler/cpw.mods.cl.ModuleClassLoader.findClass(ModuleClassLoader.java:298) ~[securejarhandler-3.0.8.jar:?]
	at cpw.mods.securejarhandler/cpw.mods.cl.ModuleClassLoader.loadClass(ModuleClassLoader.java:214) ~[securejarhandler-3.0.8.jar:?]
	at java.base/java.lang.ClassLoader.loadClass(ClassLoader.java:526) ~[?:?]
	at TRANSFORMER/minecraft@1.21/net.minecraft.server.WorldLoader$PackConfig.modifyExpressionValue$zbd000$kubejs$kjs$getPackResources(WorldLoader.java:516) ~[neoforge-21.0.167.jar%23189!/:?]
	at TRANSFORMER/minecraft@1.21/net.minecraft.server.WorldLoader$PackConfig.createResourceManager(WorldLoader.java:102) ~[neoforge-21.0.167.jar%23189!/:?]
	at TRANSFORMER/minecraft@1.21/net.minecraft.server.WorldLoader.load(WorldLoader.java:32) ~[neoforge-21.0.167.jar%23189!/:?]
	at TRANSFORMER/minecraft@1.21/net.minecraft.client.gui.screens.worldselection.WorldOpenFlows.loadWorldDataBlocking(WorldOpenFlows.java:200) ~[neoforge-21.0.167.jar%23189!/:?]
	at TRANSFORMER/minecraft@1.21/net.minecraft.client.gui.screens.worldselection.WorldOpenFlows.loadWorldStem(WorldOpenFlows.java:142) ~[neoforge-21.0.167.jar%23189!/:?]
	at TRANSFORMER/minecraft@1.21/net.minecraft.client.gui.screens.worldselection.WorldOpenFlows.openWorldLoadLevelStem(WorldOpenFlows.java:345) ~[neoforge-21.0.167.jar%23189!/:?]
	at TRANSFORMER/minecraft@1.21/net.minecraft.client.gui.screens.worldselection.WorldOpenFlows.openWorldCheckVersionCompatibility(WorldOpenFlows.java:334) ~[neoforge-21.0.167.jar%23189!/:?]
	at TRANSFORMER/minecraft@1.21/net.minecraft.client.gui.screens.worldselection.WorldOpenFlows.openWorldLoadLevelData(WorldOpenFlows.java:296) ~[neoforge-21.0.167.jar%23189!/:?]
	at TRANSFORMER/minecraft@1.21/net.minecraft.client.gui.screens.worldselection.WorldOpenFlows.openWorld(WorldOpenFlows.java:261) ~[neoforge-21.0.167.jar%23189!/:?]
	at TRANSFORMER/minecraft@1.21/net.minecraft.client.gui.screens.worldselection.WorldSelectionList$WorldListEntry.joinWorld(WorldSelectionList.java:498) ~[neoforge-21.0.167.jar%23189!/:?]
	at TRANSFORMER/minecraft@1.21/net.minecraft.client.gui.screens.worldselection.WorldSelectionList$WorldListEntry.mouseClicked(WorldSelectionList.java:481) ~[neoforge-21.0.167.jar%23189!/:?]
	at TRANSFORMER/minecraft@1.21/net.minecraft.client.gui.components.AbstractSelectionList.mouseClicked(AbstractSelectionList.java:303) ~[neoforge-21.0.167.jar%23189!/:?]
	at TRANSFORMER/minecraft@1.21/net.minecraft.client.gui.components.events.ContainerEventHandler.mouseClicked(ContainerEventHandler.java:40) ~[neoforge-21.0.167.jar%23189!/:?]
	at TRANSFORMER/minecraft@1.21/net.minecraft.client.MouseHandler.lambda$onPress$0(MouseHandler.java:98) ~[neoforge-21.0.167.jar%23189!/:?]
	at TRANSFORMER/minecraft@1.21/net.minecraft.client.gui.screens.Screen.wrapScreenError(Screen.java:449) ~[neoforge-21.0.167.jar%23189!/:?]
	at TRANSFORMER/minecraft@1.21/net.minecraft.client.MouseHandler.onPress(MouseHandler.java:95) ~[neoforge-21.0.167.jar%23189!/:?]
	at TRANSFORMER/minecraft@1.21/net.minecraft.client.MouseHandler.lambda$setup$4(MouseHandler.java:202) ~[neoforge-21.0.167.jar%23189!/:?]
	at TRANSFORMER/minecraft@1.21/net.minecraft.util.thread.BlockableEventLoop.execute(BlockableEventLoop.java:98) ~[neoforge-21.0.167.jar%23189!/:?]
	at TRANSFORMER/minecraft@1.21/net.minecraft.client.MouseHandler.lambda$setup$5(MouseHandler.java:202) ~[neoforge-21.0.167.jar%23189!/:?]
	at MC-BOOTSTRAP/org.lwjgl.glfw@3.3.3+5/org.lwjgl.glfw.GLFWMouseButtonCallbackI.callback(GLFWMouseButtonCallbackI.java:43) ~[lwjgl-glfw-3.3.3.jar%23171!/:build 5]
	at MC-BOOTSTRAP/org.lwjgl@3.3.3+5/org.lwjgl.system.JNI.invokeV(Native Method) ~[lwjgl-3.3.3.jar%23182!/:build 5]
	at MC-BOOTSTRAP/org.lwjgl.glfw@3.3.3+5/org.lwjgl.glfw.GLFW.glfwWaitEventsTimeout(GLFW.java:3509) ~[lwjgl-glfw-3.3.3.jar%23171!/:build 5]
	at TRANSFORMER/minecraft@1.21/com.mojang.blaze3d.systems.RenderSystem.limitDisplayFPS(RenderSystem.java:162) ~[neoforge-21.0.167.jar%23189!/:?]
	at TRANSFORMER/minecraft@1.21/net.minecraft.client.Minecraft.runTick(Minecraft.java:1220) ~[neoforge-21.0.167.jar%23189!/:?]
	at TRANSFORMER/minecraft@1.21/net.minecraft.client.Minecraft.run(Minecraft.java:807) ~[neoforge-21.0.167.jar%23189!/:?]
	at TRANSFORMER/minecraft@1.21/net.minecraft.client.main.Main.main(Main.java:230) ~[neoforge-21.0.167.jar%23189!/:?]
	at java.base/jdk.internal.reflect.DirectMethodHandleAccessor.invoke(DirectMethodHandleAccessor.java:103) ~[?:?]
	at java.base/java.lang.reflect.Method.invoke(Method.java:580) ~[?:?]
	at MC-BOOTSTRAP/fml_loader@4.0.23/net.neoforged.fml.loading.targets.CommonLaunchHandler.runTarget(CommonLaunchHandler.java:136) ~[loader-4.0.23.jar%23143!/:4.0]
	at MC-BOOTSTRAP/fml_loader@4.0.23/net.neoforged.fml.loading.targets.CommonLaunchHandler.clientService(CommonLaunchHandler.java:124) ~[loader-4.0.23.jar%23143!/:4.0]
	at MC-BOOTSTRAP/fml_loader@4.0.23/net.neoforged.fml.loading.targets.NeoForgeClientUserdevLaunchHandler.runService(NeoForgeClientUserdevLaunchHandler.java:23) ~[loader-4.0.23.jar%23143!/:4.0]
	at MC-BOOTSTRAP/fml_loader@4.0.23/net.neoforged.fml.loading.targets.CommonLaunchHandler.lambda$launchService$4(CommonLaunchHandler.java:118) ~[loader-4.0.23.jar%23143!/:4.0]
	at MC-BOOTSTRAP/cpw.mods.modlauncher@11.0.4/cpw.mods.modlauncher.LaunchServiceHandlerDecorator.launch(LaunchServiceHandlerDecorator.java:30) [modlauncher-11.0.4.jar%23125!/:?]
	at MC-BOOTSTRAP/cpw.mods.modlauncher@11.0.4/cpw.mods.modlauncher.LaunchServiceHandler.launch(LaunchServiceHandler.java:53) [modlauncher-11.0.4.jar%23125!/:?]
	at MC-BOOTSTRAP/cpw.mods.modlauncher@11.0.4/cpw.mods.modlauncher.LaunchServiceHandler.launch(LaunchServiceHandler.java:71) [modlauncher-11.0.4.jar%23125!/:?]
	at MC-BOOTSTRAP/cpw.mods.modlauncher@11.0.4/cpw.mods.modlauncher.Launcher.run(Launcher.java:103) [modlauncher-11.0.4.jar%23125!/:?]
	at MC-BOOTSTRAP/cpw.mods.modlauncher@11.0.4/cpw.mods.modlauncher.Launcher.main(Launcher.java:74) [modlauncher-11.0.4.jar%23125!/:?]
	at MC-BOOTSTRAP/cpw.mods.modlauncher@11.0.4/cpw.mods.modlauncher.BootstrapLaunchConsumer.accept(BootstrapLaunchConsumer.java:26) [modlauncher-11.0.4.jar%23125!/:?]
	at MC-BOOTSTRAP/cpw.mods.modlauncher@11.0.4/cpw.mods.modlauncher.BootstrapLaunchConsumer.accept(BootstrapLaunchConsumer.java:23) [modlauncher-11.0.4.jar%23125!/:?]
	at cpw.mods.bootstraplauncher@2.0.2/cpw.mods.bootstraplauncher.BootstrapLauncher.run(BootstrapLauncher.java:210) [bootstraplauncher-2.0.2.jar:?]
	at cpw.mods.bootstraplauncher@2.0.2/cpw.mods.bootstraplauncher.BootstrapLauncher.main(BootstrapLauncher.java:69) [bootstraplauncher-2.0.2.jar:?]
[01Sep2024 12:08:48.634] [Render thread/INFO] [KubeJS Server/]: Capturing errors for server scripts enabled
[01Sep2024 12:08:48.646] [Render thread/INFO] [KubeJS Server/]: Loaded script server_scripts:example.js in 0.001 s
[01Sep2024 12:08:48.646] [Render thread/INFO] [KubeJS Server/]: Loaded 1/1 KubeJS server scripts in 0.01 s with 0 errors and 0 warnings
[01Sep2024 12:08:48.649] [Render thread/INFO] [KubeJS/]: Loaded 14 data packs: vanilla, KubeJS Virtual Resource Pack [Before Mods, data], mod_data, mod/rhino, mod/kubejs, mod/probejs, mod/entityjs, mod/geckolib, KubeJS Virtual Resource Pack [Internal, data], KubeJS Virtual Resource Pack [Registries, data], KubeJS Virtual Resource Pack [After Mods, data], KubeJS File Resource Pack [data], mod/neoforge, KubeJS Virtual Resource Pack [Last, data]
[01Sep2024 12:08:49.784] [Render thread/INFO] [net.minecraft.world.item.crafting.RecipeManager/]: Loaded 1290 recipes
[01Sep2024 12:08:49.978] [Render thread/INFO] [net.minecraft.advancements.AdvancementTree/]: Loaded 1399 advancements
[01Sep2024 12:08:50.533] [Server thread/INFO] [net.minecraft.client.server.IntegratedServer/]: Starting integrated minecraft server version 1.21
[01Sep2024 12:08:50.533] [Server thread/INFO] [net.minecraft.server.MinecraftServer/]: Generating keypair
[01Sep2024 12:08:50.831] [Server thread/INFO] [net.minecraft.server.MinecraftServer/]: Preparing start region for dimension minecraft:overworld
[01Sep2024 12:08:50.833] [Server thread/INFO] [KubeJS Server/]: Capturing errors for server scripts disabled
[01Sep2024 12:08:50.842] [Server thread/INFO] [KubeJS Server/]: Server resource reload complete!
[01Sep2024 12:08:51.029] [progressListener/INFO] [net.minecraft.server.level.progress.LoggerChunkProgressListener/]: Preparing spawn area: 0%
[01Sep2024 12:08:51.192] [Server thread/INFO] [net.neoforged.neoforge.server.permission.PermissionAPI/]: Successfully initialized permission handler neoforge:default_handler
[01Sep2024 12:08:51.202] [progressListener/INFO] [net.minecraft.server.level.progress.LoggerChunkProgressListener/]: Time elapsed: 363 ms
[01Sep2024 12:08:51.285] [Server thread/INFO] [net.minecraft.client.server.IntegratedServer/]: Changing view distance to 12, from 10
[01Sep2024 12:08:51.285] [Server thread/INFO] [net.minecraft.client.server.IntegratedServer/]: Changing simulation distance to 12, from 0
[01Sep2024 12:08:52.098] [Server thread/INFO] [net.minecraft.server.players.PlayerList/]: Dev[local:E:3a54b440] logged in with entity id 16 at (12.266711444497329, -60.0, -9.590153372981778)
[01Sep2024 12:08:52.159] [Server thread/INFO] [net.minecraft.server.MinecraftServer/]: Dev joined the game
[01Sep2024 12:08:52.659] [Render thread/INFO] [net.minecraft.client.gui.components.ChatComponent/]: [System] [CHAT] ProbeJS is enabled! You should exclude .probe generated when you finished development, and disable the mod by: /probejs disable
[01Sep2024 12:08:52.663] [Render thread/INFO] [net.minecraft.client.gui.components.ChatComponent/]: [System] [CHAT] To learn about how to use ProbeJS (or report issue), please go to the Wiki Page
[01Sep2024 12:08:52.722] [Render thread/INFO] [net.minecraft.advancements.AdvancementTree/]: Loaded 54 advancements
[01Sep2024 12:09:01.295] [Server thread/INFO] [net.minecraft.client.server.IntegratedServer/]: Saving and pausing game...
[01Sep2024 12:09:01.316] [Server thread/INFO] [net.minecraft.server.MinecraftServer/]: Saving chunks for level 'ServerLevel[New World]'/minecraft:overworld
[01Sep2024 12:09:01.345] [Server thread/INFO] [net.minecraft.server.MinecraftServer/]: Saving chunks for level 'ServerLevel[New World]'/minecraft:the_nether
[01Sep2024 12:09:01.374] [Server thread/INFO] [net.minecraft.server.MinecraftServer/]: Saving chunks for level 'ServerLevel[New World]'/minecraft:the_end
